make all --print-data-base --no-builtin-variables --no-builtin-rules --question
# GNU Make 4.3
# Built for x86_64-pc-linux-gnu
# Copyright (C) 1988-2020 Free Software Foundation, Inc.
# License GPLv3+: GNU GPL version 3 or later <http://gnu.org/licenses/gpl.html>
# This is free software: you are free to change and redistribute it.
# There is NO WARRANTY, to the extent permitted by law.

# Make data base, printed on Wed Jun 22 18:01:41 2022

# Variables

# environment
define FZF_DEFAULT_OPTS

    
    --color fg:7,bg:0,hl:1,fg+:232,bg+:1,hl+:255
    --color info:7,prompt:2,spinner:1,pointer:232,marker:1

endef
# environment
GDK_BACKEND = x11
# environment
LC_ALL = C
# environment
NO_AT_BRIDGE = 1
# environment
VSCODE_IPC_HOOK_EXTHOST = /run/user/1000/vscode-ipc-da795f03-c7d2-4a6e-b834-f2dbb7f30a7d.sock
# environment
LC_NAME = en_IN
# environment
LC_NUMERIC = en_IN
# environment
VSCODE_CWD = /home/suchinton
# environment
LC_ADDRESS = en_IN
# default
MAKE_COMMAND := make
# environment
GTK3_MODULES = xapp-gtk3-module
# automatic
@D = $(patsubst %/,%,$(dir $@))
# environment
VSCODE_HANDLES_UNCAUGHT_ERRORS = true
# default
.VARIABLES := 
# environment
PWD = /home/suchinton/MusicID
# automatic
%D = $(patsubst %/,%,$(dir $%))
# environment
MAIL = /var/spool/mail/suchinton
# environment
XDG_DATA_DIRS = /home/suchinton/.local/share/flatpak/exports/share:/var/lib/flatpak/exports/share:/usr/local/share:/usr/share
# environment
OLDPWD = /home/suchinton
# automatic
^D = $(patsubst %/,%,$(dir $^))
# environment
VSCODE_LOG_STACK = false
# automatic
%F = $(notdir $%)
# environment
VSCODE_CODE_CACHE_PATH = /home/suchinton/.config/Code/CachedData/30d9c6cd9483b2cc586687151bcbcd635f373630
# environment
XDG_SESSION_PATH = /org/freedesktop/DisplayManager/Session0
# environment
LANG = C
# environment
XAUTHORITY = /home/suchinton/.Xauthority
# default
.LOADED := 
# default
.INCLUDE_DIRS = /usr/include /usr/local/include /usr/include
# makefile
MAKEFLAGS = pqrR
# makefile
CURDIR := /home/suchinton/MusicID
# environment
VSCODE_PIPE_LOGGING = true
# environment
APPLICATION_INSIGHTS_NO_DIAGNOSTIC_CHANNEL = 1
# automatic
*D = $(patsubst %/,%,$(dir $*))
# environment
MFLAGS = -pqrR
# default
.SHELLFLAGS := -c
# automatic
+D = $(patsubst %/,%,$(dir $+))
# environment
XDG_SESSION_DESKTOP = bspwm
# makefile
MAKEFILE_LIST := 
# automatic
@F = $(notdir $@)
# environment
VSCODE_VERBOSE_LOGGING = true
# environment
VSCODE_PID = 2263
# environment
XDG_SESSION_TYPE = x11
# automatic
?D = $(patsubst %/,%,$(dir $?))
# automatic
*F = $(notdir $*)
# environment
QT_QPA_PLATFORMTHEME = qt5ct
# environment
CHROME_DESKTOP = code-url-handler.desktop
# environment
DBUS_SESSION_BUS_ADDRESS = unix:path=/run/user/1000/bus
# automatic
<D = $(patsubst %/,%,$(dir $<))
# environment
VSCODE_NLS_CONFIG = {"locale":"en-gb","availableLanguages":{},"_languagePackSupport":true}
# default
MAKE_HOST := x86_64-pc-linux-gnu
# makefile
SHELL = /bin/sh
# default
MAKECMDGOALS := all
# environment
SHLVL = 2
# environment
MAKELEVEL := 0
# default
MAKE = $(MAKE_COMMAND)
# environment
PATH = /usr/local/bin:/usr/bin:/bin:/usr/local/sbin:/var/lib/flatpak/exports/bin:/usr/lib/jvm/default/bin:/usr/bin/site_perl:/usr/bin/vendor_perl:/usr/bin/core_perl
# default
MAKEFILES := 
# environment
LC_MONETARY = en_IN
# environment
MOTD_SHOWN = pam
# automatic
^F = $(notdir $^)
# environment
LC_TIME = en_IN
# environment
VSCODE_LOG_NATIVE = false
# environment
LC_TELEPHONE = en_IN
# automatic
?F = $(notdir $?)
# environment
XDG_SEAT = seat0
# environment
LS_COLORS = :su=30;41:ow=30;42:st=30;44:
# automatic
+F = $(notdir $+)
# environment
XDG_SEAT_PATH = /org/freedesktop/DisplayManager/Seat0
# environment
DESKTOP_SESSION = bspwm
# environment
ORIGINAL_XDG_CURRENT_DESKTOP = undefined
# 'override' directive
GNUMAKEFLAGS := 
# environment
BROWSER = firefox
# environment
LOGNAME = suchinton
# environment
GIO_LAUNCHED_DESKTOP_FILE = /usr/share/applications/visual-studio-code.desktop
# environment
XDG_VTNR = 7
# makefile
.DEFAULT_GOAL := 
# environment
EDITOR = nano
# environment
DISPLAY = :0
# environment
GTK_MODULES = canberra-gtk-module
# environment
USER = suchinton
# default
MAKE_VERSION := 4.3
# environment
LC_MEASUREMENT = en_IN
# environment
GIO_LAUNCHED_DESKTOP_FILE_PID = 6400
# environment
_ = /usr/bin/make
# environment
LC_PAPER = en_IN
# environment
XDG_RUNTIME_DIR = /run/user/1000
# environment
XDG_SESSION_CLASS = user
# environment
VSCODE_AMD_ENTRYPOINT = vs/workbench/api/node/extensionHostProcess
# environment
HOME = /home/suchinton
# environment
ELECTRON_RUN_AS_NODE = 1
# environment
VSCODE_IPC_HOOK = /run/user/1000/vscode-93ecb181-1.68.1-main.sock
# environment
XDG_SESSION_ID = 2
# default
.RECIPEPREFIX := 
# automatic
<F = $(notdir $<)
# default
SUFFIXES := 
# environment
VSCODE_CLI = 1
# environment
ELECTRON_NO_ATTACH_CONSOLE = 1
# environment
XDG_GREETER_DATA_DIR = /var/lib/lightdm-data/suchinton
# default
.FEATURES := target-specific order-only second-expansion else-if shortest-stem undefine oneshell nocomment grouped-target extra-prereqs archives jobserver output-sync check-symlink guile load
# environment
GDMSESSION = bspwm
# environment
LC_IDENTIFICATION = en_IN
# variable set hash-table stats:
# Load=101/1024=10%, Rehash=0, Collisions=5/128=4%

# Pattern-specific Variable Values

# No pattern-specific variable values.

# Directories

# . (device 37, inode 362808): 8 files, no impossibilities.

# 8 files, no impossibilities in 1 directories.

# Implicit Rules

# No implicit rules.

# Files

# Not a target:
Makefile:
#  Implicit rule search has been done.
#  File does not exist.
#  File has been updated.
#  Failed to be updated.

# Not a target:
.DEFAULT:
#  Implicit rule search has not been done.
#  Modification time never checked.
#  File has not been updated.

# Not a target:
all:
#  Command line target.
#  Implicit rule search has been done.
#  File does not exist.
#  File has not been updated.

# Not a target:
makefile:
#  Implicit rule search has been done.
#  File does not exist.
#  File has been updated.
#  Failed to be updated.

# Not a target:
GNUmakefile:
#  Implicit rule search has been done.
#  File does not exist.
#  File has been updated.
#  Failed to be updated.

# files hash-table stats:
# Load=6/1024=1%, Rehash=0, Collisions=0/15=0%
# VPATH Search Paths

# No 'vpath' search paths.

# No general ('VPATH' variable) search path.

# strcache buffers: 1 (0) / strings = 16 / storage = 146 B / avg = 9 B
# current buf: size = 8162 B / used = 146 B / count = 16 / avg = 9 B

# strcache performance: lookups = 19 / hit rate = 15%
# hash-table stats:
# Load=16/8192=0%, Rehash=0, Collisions=0/19=0%
# Finished Make data base on Wed Jun 22 18:01:41 2022

 
make: *** No rule to make target 'all'.  Stop.

